<?xml version="1.0" encoding="UTF-8"?>
<!-- Generated by org.testng.reporters.JUnitXMLReporter -->
<testsuite ignored="0" hostname="Lenovo-PC" failures="1" tests="1" name="Test_firefox" time="0.334" errors="0" timestamp="2022-10-01T19:54:01 PDT">
  <testcase classname="TESTNG.Multibrowsing1" name="TC1" time="0.266">
    <failure type="java.lang.IllegalStateException" message="The path to the driver executable The path to the driver executable must be set by the webdriver.gecko.driver system property; for more information, see https://github.com/mozilla/geckodriver. The latest version can be downloaded from https://github.com/mozilla/geckodriver/releases">
      <![CDATA[java.lang.IllegalStateException: The path to the driver executable The path to the driver executable must be set by the webdriver.gecko.driver system property; for more information, see https://github.com/mozilla/geckodriver. The latest version can be downloaded from https://github.com/mozilla/geckodriver/releases
at org.openqa.selenium.internal.Require$StateChecker.nonNull(Require.java:311)
at org.openqa.selenium.remote.service.DriverService.findExecutable(DriverService.java:135)
at org.openqa.selenium.firefox.GeckoDriverService.access$100(GeckoDriverService.java:45)
at org.openqa.selenium.firefox.GeckoDriverService$Builder.findDefaultExecutable(GeckoDriverService.java:181)
at org.openqa.selenium.remote.service.DriverService$Builder.build(DriverService.java:437)
at org.openqa.selenium.firefox.GeckoDriverService.createDefaultService(GeckoDriverService.java:94)
at org.openqa.selenium.firefox.FirefoxDriver.<init>(FirefoxDriver.java:98)
at org.openqa.selenium.firefox.FirefoxDriver.<init>(FirefoxDriver.java:94)
at TESTNG.Multibrowsing1.TC1(Multibrowsing1.java:31)
at java.base/java.util.ArrayList.forEach(ArrayList.java:1541)
... Removed 27 stack frames]]>
    </failure>
  </testcase> <!-- TC1 -->
</testsuite> <!-- Test_firefox -->
